<?xml version="1.0" encoding="UTF-8"?>
<testng-results skipped="0" failed="0" total="1" passed="1">
  <reporter-output>
    <line>
      <![CDATA[Req Page is Displayed]]>
    </line>
    <line>
      <![CDATA[Element is Visible]]>
    </line>
    <line>
      <![CDATA[Req Page is Displayed]]>
    </line>
    <line>
      <![CDATA[Test:testA is Pass ]]>
    </line>
    <line>
      <![CDATA[TestName:testA Status:PASS]]>
    </line>
  </reporter-output>
  <suite name="Default suite" duration-ms="22821" started-at="2018-10-12T03:26:28Z" finished-at="2018-10-12T03:26:51Z">
    <groups>
    </groups>
    <test name="Default test" duration-ms="22821" started-at="2018-10-12T03:26:28Z" finished-at="2018-10-12T03:26:51Z">
      <class name="Script.DemoA">
        <test-method status="PASS" signature="openApp(java.lang.String, java.lang.String)[pri:0, instance:Script.DemoA@2a5ca609]" name="openApp" is-config="true" duration-ms="11129" started-at="2018-10-12T08:56:29Z" finished-at="2018-10-12T08:56:40Z">
          <params>
            <param index="0">
              <value>
                <![CDATA[localhost]]>
              </value>
            </param>
            <param index="1">
              <value>
                <![CDATA[chrome]]>
              </value>
            </param>
          </params>
          <reporter-output>
          </reporter-output>
        </test-method> <!-- openApp -->
        <test-method status="PASS" signature="testA()[pri:0, instance:Script.DemoA@2a5ca609]" name="testA" duration-ms="11660" started-at="2018-10-12T08:56:40Z" finished-at="2018-10-12T08:56:51Z">
          <reporter-output>
            <line>
              <![CDATA[Req Page is Displayed]]>
            </line>
            <line>
              <![CDATA[Element is Visible]]>
            </line>
            <line>
              <![CDATA[Req Page is Displayed]]>
            </line>
            <line>
              <![CDATA[Test:testA is Pass ]]>
            </line>
          </reporter-output>
        </test-method> <!-- testA -->
        <test-method status="PASS" signature="closeApp(org.testng.ITestResult)[pri:0, instance:Script.DemoA@2a5ca609]" name="closeApp" is-config="true" duration-ms="1" started-at="2018-10-12T08:56:51Z" finished-at="2018-10-12T08:56:51Z">
          <params>
            <param index="0">
              <value>
                <![CDATA[[TestResult name=testA status=SUCCESS method=DemoA.testA()[pri:0, instance:Script.DemoA@2a5ca609] output=Req Page is Displayed]]]>
              </value>
            </param>
          </params>
          <reporter-output>
            <line>
              <![CDATA[TestName:testA Status:PASS]]>
            </line>
          </reporter-output>
        </test-method> <!-- closeApp -->
      </class> <!-- Script.DemoA -->
    </test> <!-- Default test -->
  </suite> <!-- Default suite -->
</testng-results>
