<?xml version="1.0" encoding="UTF-8"?>
<testng-results skipped="0" failed="0" total="1" passed="1">
  <reporter-output>
    <line>
      <![CDATA[Req Page is Displayed]]>
    </line>
    <line>
      <![CDATA[Element is Visible]]>
    </line>
    <line>
      <![CDATA[Req Page is Displayed]]>
    </line>
    <line>
      <![CDATA[Test:testA is Pass ]]>
    </line>
    <line>
      <![CDATA[TestName:testA Status:PASS]]>
    </line>
  </reporter-output>
  <suite name="Suite" duration-ms="114823" started-at="2018-10-16T18:05:27Z" finished-at="2018-10-16T18:07:21Z">
    <groups>
    </groups>
    <test name="Test" duration-ms="114823" started-at="2018-10-16T18:05:27Z" finished-at="2018-10-16T18:07:21Z">
      <class name="Script.DemoA">
        <test-method status="PASS" signature="openApp(java.lang.String, java.lang.String)[pri:0, instance:Script.DemoA@3bfdc050]" name="openApp" is-config="true" duration-ms="63668" started-at="2018-10-16T23:35:27Z" finished-at="2018-10-16T23:36:30Z">
          <params>
            <param index="0">
              <value>
                <![CDATA[localhost]]>
              </value>
            </param>
            <param index="1">
              <value>
                <![CDATA[chrome]]>
              </value>
            </param>
          </params>
          <reporter-output>
          </reporter-output>
        </test-method> <!-- openApp -->
        <test-method status="PASS" signature="testA()[pri:0, instance:Script.DemoA@3bfdc050]" name="testA" duration-ms="51031" started-at="2018-10-16T23:36:30Z" finished-at="2018-10-16T23:37:21Z">
          <reporter-output>
            <line>
              <![CDATA[Req Page is Displayed]]>
            </line>
            <line>
              <![CDATA[Element is Visible]]>
            </line>
            <line>
              <![CDATA[Req Page is Displayed]]>
            </line>
            <line>
              <![CDATA[Test:testA is Pass ]]>
            </line>
          </reporter-output>
        </test-method> <!-- testA -->
        <test-method status="PASS" signature="closeApp(org.testng.ITestResult)[pri:0, instance:Script.DemoA@3bfdc050]" name="closeApp" is-config="true" duration-ms="0" started-at="2018-10-16T23:37:21Z" finished-at="2018-10-16T23:37:21Z">
          <params>
            <param index="0">
              <value>
                <![CDATA[[TestResult name=testA status=SUCCESS method=DemoA.testA()[pri:0, instance:Script.DemoA@3bfdc050] output=Req Page is Displayed]]]>
              </value>
            </param>
          </params>
          <reporter-output>
            <line>
              <![CDATA[TestName:testA Status:PASS]]>
            </line>
          </reporter-output>
        </test-method> <!-- closeApp -->
      </class> <!-- Script.DemoA -->
    </test> <!-- Test -->
  </suite> <!-- Suite -->
</testng-results>
